<?xml version="1.0" encoding="UTF-8"?>
<testsuite name="it.unisalento.pas.admin.utente.UtenteRestControllersTest" tests="2" skipped="0" failures="0" errors="0" timestamp="2023-09-29T07:51:01" hostname="MacBook-Air-di-Laura.local" time="0.566">
  <properties/>
  <testcase name="testPostMethod()" classname="it.unisalento.pas.admin.utente.UtenteRestControllersTest" time="0.536"/>
  <testcase name="testGetMethod()" classname="it.unisalento.pas.admin.utente.UtenteRestControllersTest" time="0.029"/>
  <system-out><![CDATA[
  .   ____          _            __ _ _
 /\\ / ___'_ __ _ _(_)_ __  __ _ \ \ \ \
( ( )\___ | '_ | '_| | '_ \/ _` | \ \ \ \
 \\/  ___)| |_)| | | | | || (_| |  ) ) ) )
  '  |____| .__|_| |_|_| |_\__, | / / / /
 =========|_|==============|___/=/_/_/_/
 :: Spring Boot ::                (v3.1.2)

2023-09-29T09:51:00.943+02:00  INFO 54412 --- [    Test worker] i.u.p.a.u.UtenteRestControllersTest      : Starting UtenteRestControllersTest using Java 19.0.2 with PID 54412 (started by lunaticyber in /Users/lunaticyber/Desktop/progetti/pas/progettoesame/smartcitywastemanagement/admin)
2023-09-29T09:51:00.944+02:00  INFO 54412 --- [    Test worker] i.u.p.a.u.UtenteRestControllersTest      : No active profile set, falling back to 1 default profile: "default"
2023-09-29T09:51:01.166+02:00  INFO 54412 --- [    Test worker] .s.d.r.c.RepositoryConfigurationDelegate : Bootstrapping Spring Data MongoDB repositories in DEFAULT mode.
2023-09-29T09:51:01.187+02:00  INFO 54412 --- [    Test worker] .s.d.r.c.RepositoryConfigurationDelegate : Finished Spring Data repository scanning in 19 ms. Found 2 MongoDB repository interfaces.
2023-09-29T09:51:01.366+02:00  INFO 54412 --- [    Test worker] org.mongodb.driver.client                : MongoClient with metadata {"driver": {"name": "mongo-java-driver|sync|spring-boot", "version": "4.9.1"}, "os": {"type": "Darwin", "name": "Mac OS X", "architecture": "aarch64", "version": "13.5.2"}, "platform": "Java/Amazon.com Inc./19.0.2+7-FR"} created with settings MongoClientSettings{readPreference=primary, writeConcern=WriteConcern{w=null, wTimeout=null ms, journal=null}, retryWrites=true, retryReads=true, readConcern=ReadConcern{level=null}, credential=null, streamFactoryFactory=null, commandListeners=[], codecRegistry=ProvidersCodecRegistry{codecProviders=[ValueCodecProvider{}, BsonValueCodecProvider{}, DBRefCodecProvider{}, DBObjectCodecProvider{}, DocumentCodecProvider{}, CollectionCodecProvider{}, IterableCodecProvider{}, MapCodecProvider{}, GeoJsonCodecProvider{}, GridFSFileCodecProvider{}, Jsr310CodecProvider{}, JsonObjectCodecProvider{}, BsonCodecProvider{}, EnumCodecProvider{}, com.mongodb.client.model.mql.ExpressionCodecProvider@28157173, com.mongodb.Jep395RecordCodecProvider@11c713b7]}, loggerSettings=LoggerSettings{maxDocumentLength=1000}, clusterSettings={hosts=[localhost:27017], srvServiceName=mongodb, mode=SINGLE, requiredClusterType=UNKNOWN, requiredReplicaSetName='null', serverSelector='null', clusterListeners='[]', serverSelectionTimeout='30000 ms', localThreshold='30000 ms'}, socketSettings=SocketSettings{connectTimeoutMS=10000, readTimeoutMS=0, receiveBufferSize=0, sendBufferSize=0}, heartbeatSocketSettings=SocketSettings{connectTimeoutMS=10000, readTimeoutMS=10000, receiveBufferSize=0, sendBufferSize=0}, connectionPoolSettings=ConnectionPoolSettings{maxSize=100, minSize=0, maxWaitTimeMS=120000, maxConnectionLifeTimeMS=0, maxConnectionIdleTimeMS=0, maintenanceInitialDelayMS=0, maintenanceFrequencyMS=60000, connectionPoolListeners=[], maxConnecting=2}, serverSettings=ServerSettings{heartbeatFrequencyMS=10000, minHeartbeatFrequencyMS=500, serverListeners='[]', serverMonitorListeners='[]'}, sslSettings=SslSettings{enabled=false, invalidHostNameAllowed=false, context=null}, applicationName='null', compressorList=[], uuidRepresentation=JAVA_LEGACY, serverApi=null, autoEncryptionSettings=null, contextProvider=null}
2023-09-29T09:51:01.375+02:00  INFO 54412 --- [localhost:27017] org.mongodb.driver.cluster               : Monitor thread successfully connected to server with description ServerDescription{address=localhost:27017, type=STANDALONE, state=CONNECTED, ok=true, minWireVersion=0, maxWireVersion=13, maxDocumentSize=16777216, logicalSessionTimeoutMinutes=30, roundTripTimeNanos=8151791}
2023-09-29T09:51:01.585+02:00  INFO 54412 --- [    Test worker] o.s.s.web.DefaultSecurityFilterChain     : Will secure any request with [org.springframework.security.web.session.DisableEncodeUrlFilter@2c579202, org.springframework.security.web.context.request.async.WebAsyncManagerIntegrationFilter@49ced9c7, org.springframework.security.web.context.SecurityContextHolderFilter@795f6681, org.springframework.security.web.header.HeaderWriterFilter@6060146b, org.springframework.security.web.authentication.logout.LogoutFilter@2049e582, it.unisalento.pas.admin.security.JwtAuthenticationFilter@11c7a0b4, org.springframework.security.web.savedrequest.RequestCacheAwareFilter@3a45afd4, org.springframework.security.web.servletapi.SecurityContextHolderAwareRequestFilter@762a10b6, org.springframework.security.web.authentication.AnonymousAuthenticationFilter@75ed125a, org.springframework.security.web.session.SessionManagementFilter@1b409a79, org.springframework.security.web.access.ExceptionTranslationFilter@7bede4ea, org.springframework.security.web.access.intercept.FilterSecurityInterceptor@43e3a390]
2023-09-29T09:51:01.687+02:00  INFO 54412 --- [    Test worker] o.s.b.a.w.s.WelcomePageHandlerMapping    : Adding welcome page: class path resource [static/index.html]
2023-09-29T09:51:01.728+02:00  WARN 54412 --- [    Test worker] ion$DefaultTemplateResolverConfiguration : Cannot find template location: classpath:/templates/ (please add some templates, check your Thymeleaf configuration, or set spring.thymeleaf.check-template-location=false)
2023-09-29T09:51:01.762+02:00  INFO 54412 --- [    Test worker] i.u.p.a.u.UtenteRestControllersTest      : Started UtenteRestControllersTest in 0.906 seconds (process running for 1.302)
2023-09-29T09:51:02.136+02:00  INFO 54412 --- [    Test worker] o.s.mock.web.MockServletContext          : Initializing Spring TestDispatcherServlet ''
2023-09-29T09:51:02.136+02:00  INFO 54412 --- [    Test worker] o.s.t.web.servlet.TestDispatcherServlet  : Initializing Servlet ''
2023-09-29T09:51:02.137+02:00  INFO 54412 --- [    Test worker] o.s.t.web.servlet.TestDispatcherServlet  : Completed initialization in 1 ms
L'Id del nuovo utente è: 06
2023-09-29T09:51:02.309+02:00  INFO 54412 --- [    Test worker] o.s.mock.web.MockServletContext          : Initializing Spring TestDispatcherServlet ''
2023-09-29T09:51:02.309+02:00  INFO 54412 --- [    Test worker] o.s.t.web.servlet.TestDispatcherServlet  : Initializing Servlet ''
2023-09-29T09:51:02.309+02:00  INFO 54412 --- [    Test worker] o.s.t.web.servlet.TestDispatcherServlet  : Completed initialization in 0 ms
]]></system-out>
  <system-err><![CDATA[]]></system-err>
</testsuite>
