<?xml version="1.0" encoding="UTF-8"?>
<testsuite name="it.unisalento.pas.monitoraggio.allarme.AllarmeRestControllersTest" tests="2" skipped="0" failures="0" errors="0" timestamp="2023-09-29T08:00:38" hostname="MacBook-Air-di-Laura.local" time="0.483">
  <properties/>
  <testcase name="testPostMethod()" classname="it.unisalento.pas.monitoraggio.allarme.AllarmeRestControllersTest" time="0.458"/>
  <testcase name="testGetMethod()" classname="it.unisalento.pas.monitoraggio.allarme.AllarmeRestControllersTest" time="0.024"/>
  <system-out><![CDATA[
  .   ____          _            __ _ _
 /\\ / ___'_ __ _ _(_)_ __  __ _ \ \ \ \
( ( )\___ | '_ | '_| | '_ \/ _` | \ \ \ \
 \\/  ___)| |_)| | | | | || (_| |  ) ) ) )
  '  |____| .__|_| |_|_| |_\__, | / / / /
 =========|_|==============|___/=/_/_/_/
 :: Spring Boot ::                (v3.1.3)

2023-09-29T10:00:37.860+02:00  WARN 54603 --- [    Test worker] ory$DuplicateJsonObjectContextCustomizer : 

Found multiple occurrences of org.json.JSONObject on the class path:

	jar:file:/Users/lunaticyber/.gradle/caches/modules-2/files-2.1/org.json/json/20210307/528c8df3757e8bcf151817b1d7b9b434f6aa08d5/json-20210307.jar!/org/json/JSONObject.class
	jar:file:/Users/lunaticyber/.gradle/caches/modules-2/files-2.1/com.vaadin.external.google/android-json/0.0.20131108.vaadin1/fa26d351fe62a6a17f5cda1287c1c6110dec413f/android-json-0.0.20131108.vaadin1.jar!/org/json/JSONObject.class

You may wish to exclude one of them to ensure predictable runtime behavior

2023-09-29T10:00:37.866+02:00  INFO 54603 --- [    Test worker] i.u.p.m.a.AllarmeRestControllersTest     : Starting AllarmeRestControllersTest using Java 19.0.2 with PID 54603 (started by lunaticyber in /Users/lunaticyber/Desktop/progetti/pas/progettoesame/smartcitywastemanagement/monitoraggio)
2023-09-29T10:00:37.866+02:00  INFO 54603 --- [    Test worker] i.u.p.m.a.AllarmeRestControllersTest     : No active profile set, falling back to 1 default profile: "default"
2023-09-29T10:00:38.090+02:00  INFO 54603 --- [    Test worker] .s.d.r.c.RepositoryConfigurationDelegate : Bootstrapping Spring Data MongoDB repositories in DEFAULT mode.
2023-09-29T10:00:38.114+02:00  INFO 54603 --- [    Test worker] .s.d.r.c.RepositoryConfigurationDelegate : Finished Spring Data repository scanning in 22 ms. Found 4 MongoDB repository interfaces.
2023-09-29T10:00:38.290+02:00  INFO 54603 --- [    Test worker] org.mongodb.driver.client                : MongoClient with metadata {"driver": {"name": "mongo-java-driver|sync|spring-boot", "version": "4.9.1"}, "os": {"type": "Darwin", "name": "Mac OS X", "architecture": "aarch64", "version": "13.5.2"}, "platform": "Java/Amazon.com Inc./19.0.2+7-FR"} created with settings MongoClientSettings{readPreference=primary, writeConcern=WriteConcern{w=null, wTimeout=null ms, journal=null}, retryWrites=true, retryReads=true, readConcern=ReadConcern{level=null}, credential=null, streamFactoryFactory=null, commandListeners=[], codecRegistry=ProvidersCodecRegistry{codecProviders=[ValueCodecProvider{}, BsonValueCodecProvider{}, DBRefCodecProvider{}, DBObjectCodecProvider{}, DocumentCodecProvider{}, CollectionCodecProvider{}, IterableCodecProvider{}, MapCodecProvider{}, GeoJsonCodecProvider{}, GridFSFileCodecProvider{}, Jsr310CodecProvider{}, JsonObjectCodecProvider{}, BsonCodecProvider{}, EnumCodecProvider{}, com.mongodb.client.model.mql.ExpressionCodecProvider@fd413fb, com.mongodb.Jep395RecordCodecProvider@1e1232cf]}, loggerSettings=LoggerSettings{maxDocumentLength=1000}, clusterSettings={hosts=[localhost:27015], srvServiceName=mongodb, mode=SINGLE, requiredClusterType=UNKNOWN, requiredReplicaSetName='null', serverSelector='null', clusterListeners='[]', serverSelectionTimeout='30000 ms', localThreshold='30000 ms'}, socketSettings=SocketSettings{connectTimeoutMS=10000, readTimeoutMS=0, receiveBufferSize=0, sendBufferSize=0}, heartbeatSocketSettings=SocketSettings{connectTimeoutMS=10000, readTimeoutMS=10000, receiveBufferSize=0, sendBufferSize=0}, connectionPoolSettings=ConnectionPoolSettings{maxSize=100, minSize=0, maxWaitTimeMS=120000, maxConnectionLifeTimeMS=0, maxConnectionIdleTimeMS=0, maintenanceInitialDelayMS=0, maintenanceFrequencyMS=60000, connectionPoolListeners=[], maxConnecting=2}, serverSettings=ServerSettings{heartbeatFrequencyMS=10000, minHeartbeatFrequencyMS=500, serverListeners='[]', serverMonitorListeners='[]'}, sslSettings=SslSettings{enabled=false, invalidHostNameAllowed=false, context=null}, applicationName='null', compressorList=[], uuidRepresentation=JAVA_LEGACY, serverApi=null, autoEncryptionSettings=null, contextProvider=null}
2023-09-29T10:00:38.300+02:00  INFO 54603 --- [localhost:27015] org.mongodb.driver.cluster               : Monitor thread successfully connected to server with description ServerDescription{address=localhost:27015, type=STANDALONE, state=CONNECTED, ok=true, minWireVersion=0, maxWireVersion=13, maxDocumentSize=16777216, logicalSessionTimeoutMinutes=30, roundTripTimeNanos=8660000}
2023-09-29T10:00:38.529+02:00  INFO 54603 --- [    Test worker] o.s.s.web.DefaultSecurityFilterChain     : Will secure any request with [org.springframework.security.web.session.DisableEncodeUrlFilter@22865072, org.springframework.security.web.context.request.async.WebAsyncManagerIntegrationFilter@563317c1, org.springframework.security.web.context.SecurityContextHolderFilter@66b0e207, org.springframework.security.web.header.HeaderWriterFilter@641ed324, org.springframework.security.web.authentication.logout.LogoutFilter@60928a61, org.springframework.security.web.savedrequest.RequestCacheAwareFilter@7308c820, org.springframework.security.web.servletapi.SecurityContextHolderAwareRequestFilter@5d601832, org.springframework.security.web.authentication.AnonymousAuthenticationFilter@5d5d3a5c, org.springframework.security.web.access.ExceptionTranslationFilter@464aeb09]
2023-09-29T10:00:38.548+02:00  INFO 54603 --- [    Test worker] o.s.s.web.DefaultSecurityFilterChain     : Will secure any request with [org.springframework.security.web.session.DisableEncodeUrlFilter@7e747037, org.springframework.security.web.context.request.async.WebAsyncManagerIntegrationFilter@4d0e1a9a, org.springframework.security.web.context.SecurityContextHolderFilter@58164e9a, org.springframework.security.web.header.HeaderWriterFilter@46d0f89c, org.springframework.security.web.authentication.logout.LogoutFilter@76e6c070, it.unisalento.pas.monitoraggio.security.JwtAuthenticationFilter@25218a4d, org.springframework.security.web.savedrequest.RequestCacheAwareFilter@11bfffb3, org.springframework.security.web.servletapi.SecurityContextHolderAwareRequestFilter@6a7a1a0d, org.springframework.security.web.authentication.AnonymousAuthenticationFilter@bf2aa32, org.springframework.security.web.session.SessionManagementFilter@7871d261, org.springframework.security.web.access.ExceptionTranslationFilter@610fbe1c, org.springframework.security.web.access.intercept.FilterSecurityInterceptor@66234b0f]
2023-09-29T10:00:38.730+02:00  INFO 54603 --- [    Test worker] i.u.p.m.a.AllarmeRestControllersTest     : Started AllarmeRestControllersTest in 0.957 seconds (process running for 1.351)
2023-09-29T10:00:39.104+02:00  INFO 54603 --- [    Test worker] o.s.mock.web.MockServletContext          : Initializing Spring TestDispatcherServlet ''
2023-09-29T10:00:39.105+02:00  INFO 54603 --- [    Test worker] o.s.t.web.servlet.TestDispatcherServlet  : Initializing Servlet ''
2023-09-29T10:00:39.105+02:00  INFO 54603 --- [    Test worker] o.s.t.web.servlet.TestDispatcherServlet  : Completed initialization in 0 ms
L'Id del nuovo allarme è: 20
2023-09-29T10:00:39.200+02:00  INFO 54603 --- [    Test worker] o.s.mock.web.MockServletContext          : Initializing Spring TestDispatcherServlet ''
2023-09-29T10:00:39.200+02:00  INFO 54603 --- [    Test worker] o.s.t.web.servlet.TestDispatcherServlet  : Initializing Servlet ''
2023-09-29T10:00:39.200+02:00  INFO 54603 --- [    Test worker] o.s.t.web.servlet.TestDispatcherServlet  : Completed initialization in 0 ms
]]></system-out>
  <system-err><![CDATA[]]></system-err>
</testsuite>
