<?xml version="1.0" encoding="UTF-8"?>
<testsuite name="it.unisalento.pas.pagare.pagamento.PagamentoRestControllersTest" tests="2" skipped="0" failures="0" errors="0" timestamp="2023-09-29T07:57:55" hostname="MacBook-Air-di-Laura.local" time="0.476">
  <properties/>
  <testcase name="testPostMethod()" classname="it.unisalento.pas.pagare.pagamento.PagamentoRestControllersTest" time="0.451"/>
  <testcase name="testGetMethod()" classname="it.unisalento.pas.pagare.pagamento.PagamentoRestControllersTest" time="0.023"/>
  <system-out><![CDATA[
  .   ____          _            __ _ _
 /\\ / ___'_ __ _ _(_)_ __  __ _ \ \ \ \
( ( )\___ | '_ | '_| | '_ \/ _` | \ \ \ \
 \\/  ___)| |_)| | | | | || (_| |  ) ) ) )
  '  |____| .__|_| |_|_| |_\__, | / / / /
 =========|_|==============|___/=/_/_/_/
 :: Spring Boot ::                (v3.1.2)

2023-09-29T09:57:54.557+02:00  INFO 54546 --- [    Test worker] i.u.p.p.p.PagamentoRestControllersTest   : Starting PagamentoRestControllersTest using Java 19.0.2 with PID 54546 (started by lunaticyber in /Users/lunaticyber/Desktop/progetti/pas/progettoesame/smartcitywastemanagement/pagare)
2023-09-29T09:57:54.559+02:00  INFO 54546 --- [    Test worker] i.u.p.p.p.PagamentoRestControllersTest   : No active profile set, falling back to 1 default profile: "default"
2023-09-29T09:57:54.777+02:00  INFO 54546 --- [    Test worker] .s.d.r.c.RepositoryConfigurationDelegate : Bootstrapping Spring Data MongoDB repositories in DEFAULT mode.
2023-09-29T09:57:54.799+02:00  INFO 54546 --- [    Test worker] .s.d.r.c.RepositoryConfigurationDelegate : Finished Spring Data repository scanning in 20 ms. Found 3 MongoDB repository interfaces.
2023-09-29T09:57:54.989+02:00  INFO 54546 --- [    Test worker] org.mongodb.driver.client                : MongoClient with metadata {"driver": {"name": "mongo-java-driver|sync|spring-boot", "version": "4.9.1"}, "os": {"type": "Darwin", "name": "Mac OS X", "architecture": "aarch64", "version": "13.5.2"}, "platform": "Java/Amazon.com Inc./19.0.2+7-FR"} created with settings MongoClientSettings{readPreference=primary, writeConcern=WriteConcern{w=null, wTimeout=null ms, journal=null}, retryWrites=true, retryReads=true, readConcern=ReadConcern{level=null}, credential=null, streamFactoryFactory=null, commandListeners=[], codecRegistry=ProvidersCodecRegistry{codecProviders=[ValueCodecProvider{}, BsonValueCodecProvider{}, DBRefCodecProvider{}, DBObjectCodecProvider{}, DocumentCodecProvider{}, CollectionCodecProvider{}, IterableCodecProvider{}, MapCodecProvider{}, GeoJsonCodecProvider{}, GridFSFileCodecProvider{}, Jsr310CodecProvider{}, JsonObjectCodecProvider{}, BsonCodecProvider{}, EnumCodecProvider{}, com.mongodb.client.model.mql.ExpressionCodecProvider@7f13811b, com.mongodb.Jep395RecordCodecProvider@59fc6d05]}, loggerSettings=LoggerSettings{maxDocumentLength=1000}, clusterSettings={hosts=[localhost:27019], srvServiceName=mongodb, mode=SINGLE, requiredClusterType=UNKNOWN, requiredReplicaSetName='null', serverSelector='null', clusterListeners='[]', serverSelectionTimeout='30000 ms', localThreshold='30000 ms'}, socketSettings=SocketSettings{connectTimeoutMS=10000, readTimeoutMS=0, receiveBufferSize=0, sendBufferSize=0}, heartbeatSocketSettings=SocketSettings{connectTimeoutMS=10000, readTimeoutMS=10000, receiveBufferSize=0, sendBufferSize=0}, connectionPoolSettings=ConnectionPoolSettings{maxSize=100, minSize=0, maxWaitTimeMS=120000, maxConnectionLifeTimeMS=0, maxConnectionIdleTimeMS=0, maintenanceInitialDelayMS=0, maintenanceFrequencyMS=60000, connectionPoolListeners=[], maxConnecting=2}, serverSettings=ServerSettings{heartbeatFrequencyMS=10000, minHeartbeatFrequencyMS=500, serverListeners='[]', serverMonitorListeners='[]'}, sslSettings=SslSettings{enabled=false, invalidHostNameAllowed=false, context=null}, applicationName='null', compressorList=[], uuidRepresentation=JAVA_LEGACY, serverApi=null, autoEncryptionSettings=null, contextProvider=null}
2023-09-29T09:57:55.015+02:00  INFO 54546 --- [localhost:27019] org.mongodb.driver.cluster               : Monitor thread successfully connected to server with description ServerDescription{address=localhost:27019, type=STANDALONE, state=CONNECTED, ok=true, minWireVersion=0, maxWireVersion=13, maxDocumentSize=16777216, logicalSessionTimeoutMinutes=30, roundTripTimeNanos=23471209}
2023-09-29T09:57:55.225+02:00  INFO 54546 --- [    Test worker] o.s.s.web.DefaultSecurityFilterChain     : Will secure any request with [org.springframework.security.web.session.DisableEncodeUrlFilter@1753475d, org.springframework.security.web.context.request.async.WebAsyncManagerIntegrationFilter@d108406, org.springframework.security.web.context.SecurityContextHolderFilter@3855d9b2, org.springframework.security.web.header.HeaderWriterFilter@3181d4de, org.springframework.security.web.authentication.logout.LogoutFilter@59d5a6fd, it.unisalento.pas.pagare.security.JwtAuthenticationFilter@799c8758, it.unisalento.pas.pagare.security.JwtAuthenticationFilter@799c8758, org.springframework.security.web.savedrequest.RequestCacheAwareFilter@47a3d56a, org.springframework.security.web.servletapi.SecurityContextHolderAwareRequestFilter@3a209918, org.springframework.security.web.authentication.AnonymousAuthenticationFilter@6e00837f, org.springframework.security.web.session.SessionManagementFilter@5a7b6b75, org.springframework.security.web.access.ExceptionTranslationFilter@7b8aebd0, org.springframework.security.web.access.intercept.FilterSecurityInterceptor@3a0896b3]
2023-09-29T09:57:55.417+02:00  INFO 54546 --- [    Test worker] i.u.p.p.p.PagamentoRestControllersTest   : Started PagamentoRestControllersTest in 0.947 seconds (process running for 1.355)
2023-09-29T09:57:55.786+02:00  INFO 54546 --- [    Test worker] o.s.mock.web.MockServletContext          : Initializing Spring TestDispatcherServlet ''
2023-09-29T09:57:55.786+02:00  INFO 54546 --- [    Test worker] o.s.t.web.servlet.TestDispatcherServlet  : Initializing Servlet ''
2023-09-29T09:57:55.786+02:00  INFO 54546 --- [    Test worker] o.s.t.web.servlet.TestDispatcherServlet  : Completed initialization in 0 ms
L'Id nuovo è: 20
2023-09-29T09:57:55.880+02:00  INFO 54546 --- [    Test worker] o.s.mock.web.MockServletContext          : Initializing Spring TestDispatcherServlet ''
2023-09-29T09:57:55.880+02:00  INFO 54546 --- [    Test worker] o.s.t.web.servlet.TestDispatcherServlet  : Initializing Servlet ''
2023-09-29T09:57:55.880+02:00  INFO 54546 --- [    Test worker] o.s.t.web.servlet.TestDispatcherServlet  : Completed initialization in 0 ms
]]></system-out>
  <system-err><![CDATA[]]></system-err>
</testsuite>
