<?xml version="1.0" encoding="UTF-8"?>
<testsuite name="it.unisalento.pas.checking.utente.UtenteRestControllersTest" tests="2" skipped="0" failures="0" errors="0" timestamp="2023-09-29T07:55:25" hostname="MacBook-Air-di-Laura.local" time="0.57">
  <properties/>
  <testcase name="testPostMethod()" classname="it.unisalento.pas.checking.utente.UtenteRestControllersTest" time="0.544"/>
  <testcase name="testGetMethod()" classname="it.unisalento.pas.checking.utente.UtenteRestControllersTest" time="0.025"/>
  <system-out><![CDATA[
  .   ____          _            __ _ _
 /\\ / ___'_ __ _ _(_)_ __  __ _ \ \ \ \
( ( )\___ | '_ | '_| | '_ \/ _` | \ \ \ \
 \\/  ___)| |_)| | | | | || (_| |  ) ) ) )
  '  |____| .__|_| |_|_| |_\__, | / / / /
 =========|_|==============|___/=/_/_/_/
 :: Spring Boot ::                (v3.1.2)

2023-09-29T09:55:24.526+02:00  WARN 54498 --- [    Test worker] ory$DuplicateJsonObjectContextCustomizer : 

Found multiple occurrences of org.json.JSONObject on the class path:

	jar:file:/Users/lunaticyber/.gradle/caches/modules-2/files-2.1/org.json/json/20210307/528c8df3757e8bcf151817b1d7b9b434f6aa08d5/json-20210307.jar!/org/json/JSONObject.class
	jar:file:/Users/lunaticyber/.gradle/caches/modules-2/files-2.1/com.vaadin.external.google/android-json/0.0.20131108.vaadin1/fa26d351fe62a6a17f5cda1287c1c6110dec413f/android-json-0.0.20131108.vaadin1.jar!/org/json/JSONObject.class

You may wish to exclude one of them to ensure predictable runtime behavior

2023-09-29T09:55:24.533+02:00  INFO 54498 --- [    Test worker] i.u.p.c.u.UtenteRestControllersTest      : Starting UtenteRestControllersTest using Java 19.0.2 with PID 54498 (started by lunaticyber in /Users/lunaticyber/Desktop/progetti/pas/progettoesame/smartcitywastemanagement/checking)
2023-09-29T09:55:24.533+02:00  INFO 54498 --- [    Test worker] i.u.p.c.u.UtenteRestControllersTest      : No active profile set, falling back to 1 default profile: "default"
2023-09-29T09:55:24.758+02:00  INFO 54498 --- [    Test worker] .s.d.r.c.RepositoryConfigurationDelegate : Bootstrapping Spring Data MongoDB repositories in DEFAULT mode.
2023-09-29T09:55:24.782+02:00  INFO 54498 --- [    Test worker] .s.d.r.c.RepositoryConfigurationDelegate : Finished Spring Data repository scanning in 22 ms. Found 5 MongoDB repository interfaces.
2023-09-29T09:55:24.956+02:00  INFO 54498 --- [    Test worker] org.mongodb.driver.client                : MongoClient with metadata {"driver": {"name": "mongo-java-driver|sync|spring-boot", "version": "4.9.1"}, "os": {"type": "Darwin", "name": "Mac OS X", "architecture": "aarch64", "version": "13.5.2"}, "platform": "Java/Amazon.com Inc./19.0.2+7-FR"} created with settings MongoClientSettings{readPreference=primary, writeConcern=WriteConcern{w=null, wTimeout=null ms, journal=null}, retryWrites=true, retryReads=true, readConcern=ReadConcern{level=null}, credential=null, streamFactoryFactory=null, commandListeners=[], codecRegistry=ProvidersCodecRegistry{codecProviders=[ValueCodecProvider{}, BsonValueCodecProvider{}, DBRefCodecProvider{}, DBObjectCodecProvider{}, DocumentCodecProvider{}, CollectionCodecProvider{}, IterableCodecProvider{}, MapCodecProvider{}, GeoJsonCodecProvider{}, GridFSFileCodecProvider{}, Jsr310CodecProvider{}, JsonObjectCodecProvider{}, BsonCodecProvider{}, EnumCodecProvider{}, com.mongodb.client.model.mql.ExpressionCodecProvider@740b6628, com.mongodb.Jep395RecordCodecProvider@27fe059d]}, loggerSettings=LoggerSettings{maxDocumentLength=1000}, clusterSettings={hosts=[localhost:27016], srvServiceName=mongodb, mode=SINGLE, requiredClusterType=UNKNOWN, requiredReplicaSetName='null', serverSelector='null', clusterListeners='[]', serverSelectionTimeout='30000 ms', localThreshold='30000 ms'}, socketSettings=SocketSettings{connectTimeoutMS=10000, readTimeoutMS=0, receiveBufferSize=0, sendBufferSize=0}, heartbeatSocketSettings=SocketSettings{connectTimeoutMS=10000, readTimeoutMS=10000, receiveBufferSize=0, sendBufferSize=0}, connectionPoolSettings=ConnectionPoolSettings{maxSize=100, minSize=0, maxWaitTimeMS=120000, maxConnectionLifeTimeMS=0, maxConnectionIdleTimeMS=0, maintenanceInitialDelayMS=0, maintenanceFrequencyMS=60000, connectionPoolListeners=[], maxConnecting=2}, serverSettings=ServerSettings{heartbeatFrequencyMS=10000, minHeartbeatFrequencyMS=500, serverListeners='[]', serverMonitorListeners='[]'}, sslSettings=SslSettings{enabled=false, invalidHostNameAllowed=false, context=null}, applicationName='null', compressorList=[], uuidRepresentation=JAVA_LEGACY, serverApi=null, autoEncryptionSettings=null, contextProvider=null}
2023-09-29T09:55:24.968+02:00  INFO 54498 --- [localhost:27016] org.mongodb.driver.cluster               : Monitor thread successfully connected to server with description ServerDescription{address=localhost:27016, type=STANDALONE, state=CONNECTED, ok=true, minWireVersion=0, maxWireVersion=13, maxDocumentSize=16777216, logicalSessionTimeoutMinutes=30, roundTripTimeNanos=10371084}
2023-09-29T09:55:25.202+02:00  INFO 54498 --- [    Test worker] o.s.s.web.DefaultSecurityFilterChain     : Will secure any request with [org.springframework.security.web.session.DisableEncodeUrlFilter@b5c902, org.springframework.security.web.context.request.async.WebAsyncManagerIntegrationFilter@7e747037, org.springframework.security.web.context.SecurityContextHolderFilter@1515f782, org.springframework.security.web.header.HeaderWriterFilter@6e8f2094, org.springframework.security.web.authentication.logout.LogoutFilter@5e5a8718, it.unisalento.pas.checking.security.JwtAuthenticationFilter@4d0e1a9a, it.unisalento.pas.checking.security.JwtAuthenticationFilter@4d0e1a9a, org.springframework.security.web.savedrequest.RequestCacheAwareFilter@638afcaa, org.springframework.security.web.servletapi.SecurityContextHolderAwareRequestFilter@58601e7a, org.springframework.security.web.authentication.AnonymousAuthenticationFilter@25218a4d, org.springframework.security.web.session.SessionManagementFilter@394a6d2b, org.springframework.security.web.access.ExceptionTranslationFilter@5cd8d029, org.springframework.security.web.access.intercept.FilterSecurityInterceptor@2296127]
2023-09-29T09:55:25.381+02:00  INFO 54498 --- [    Test worker] i.u.p.c.u.UtenteRestControllersTest      : Started UtenteRestControllersTest in 0.94 seconds (process running for 1.322)
2023-09-29T09:55:25.761+02:00  INFO 54498 --- [    Test worker] o.s.mock.web.MockServletContext          : Initializing Spring TestDispatcherServlet ''
2023-09-29T09:55:25.761+02:00  INFO 54498 --- [    Test worker] o.s.t.web.servlet.TestDispatcherServlet  : Initializing Servlet ''
2023-09-29T09:55:25.761+02:00  INFO 54498 --- [    Test worker] o.s.t.web.servlet.TestDispatcherServlet  : Completed initialization in 0 ms
L'Id del nuovo utente è: 06
2023-09-29T09:55:25.935+02:00  INFO 54498 --- [    Test worker] o.s.mock.web.MockServletContext          : Initializing Spring TestDispatcherServlet ''
2023-09-29T09:55:25.936+02:00  INFO 54498 --- [    Test worker] o.s.t.web.servlet.TestDispatcherServlet  : Initializing Servlet ''
2023-09-29T09:55:25.936+02:00  INFO 54498 --- [    Test worker] o.s.t.web.servlet.TestDispatcherServlet  : Completed initialization in 0 ms
]]></system-out>
  <system-err><![CDATA[]]></system-err>
</testsuite>
