<?xml version="1.0" encoding="UTF-8"?>
<testsuite name="it.unisalento.pas.giudizio.utente.UtenteRestControllersTest" tests="2" skipped="0" failures="0" errors="0" timestamp="2023-09-29T07:56:44" hostname="MacBook-Air-di-Laura.local" time="0.569">
  <properties/>
  <testcase name="testPostMethod()" classname="it.unisalento.pas.giudizio.utente.UtenteRestControllersTest" time="0.541"/>
  <testcase name="testGetMethod()" classname="it.unisalento.pas.giudizio.utente.UtenteRestControllersTest" time="0.027"/>
  <system-out><![CDATA[
  .   ____          _            __ _ _
 /\\ / ___'_ __ _ _(_)_ __  __ _ \ \ \ \
( ( )\___ | '_ | '_| | '_ \/ _` | \ \ \ \
 \\/  ___)| |_)| | | | | || (_| |  ) ) ) )
  '  |____| .__|_| |_|_| |_\__, | / / / /
 =========|_|==============|___/=/_/_/_/
 :: Spring Boot ::                (v3.1.3)

2023-09-29T09:56:43.840+02:00  INFO 54525 --- [    Test worker] i.u.p.g.u.UtenteRestControllersTest      : Starting UtenteRestControllersTest using Java 19.0.2 with PID 54525 (started by lunaticyber in /Users/lunaticyber/Desktop/progetti/pas/progettoesame/smartcitywastemanagement/giudizio)
2023-09-29T09:56:43.841+02:00  INFO 54525 --- [    Test worker] i.u.p.g.u.UtenteRestControllersTest      : No active profile set, falling back to 1 default profile: "default"
2023-09-29T09:56:44.059+02:00  INFO 54525 --- [    Test worker] .s.d.r.c.RepositoryConfigurationDelegate : Bootstrapping Spring Data MongoDB repositories in DEFAULT mode.
2023-09-29T09:56:44.083+02:00  INFO 54525 --- [    Test worker] .s.d.r.c.RepositoryConfigurationDelegate : Finished Spring Data repository scanning in 21 ms. Found 3 MongoDB repository interfaces.
2023-09-29T09:56:44.263+02:00  INFO 54525 --- [    Test worker] org.mongodb.driver.client                : MongoClient with metadata {"driver": {"name": "mongo-java-driver|sync|spring-boot", "version": "4.9.1"}, "os": {"type": "Darwin", "name": "Mac OS X", "architecture": "aarch64", "version": "13.5.2"}, "platform": "Java/Amazon.com Inc./19.0.2+7-FR"} created with settings MongoClientSettings{readPreference=primary, writeConcern=WriteConcern{w=null, wTimeout=null ms, journal=null}, retryWrites=true, retryReads=true, readConcern=ReadConcern{level=null}, credential=null, streamFactoryFactory=null, commandListeners=[], codecRegistry=ProvidersCodecRegistry{codecProviders=[ValueCodecProvider{}, BsonValueCodecProvider{}, DBRefCodecProvider{}, DBObjectCodecProvider{}, DocumentCodecProvider{}, CollectionCodecProvider{}, IterableCodecProvider{}, MapCodecProvider{}, GeoJsonCodecProvider{}, GridFSFileCodecProvider{}, Jsr310CodecProvider{}, JsonObjectCodecProvider{}, BsonCodecProvider{}, EnumCodecProvider{}, com.mongodb.client.model.mql.ExpressionCodecProvider@7a1b8a46, com.mongodb.Jep395RecordCodecProvider@2921199d]}, loggerSettings=LoggerSettings{maxDocumentLength=1000}, clusterSettings={hosts=[localhost:27014], srvServiceName=mongodb, mode=SINGLE, requiredClusterType=UNKNOWN, requiredReplicaSetName='null', serverSelector='null', clusterListeners='[]', serverSelectionTimeout='30000 ms', localThreshold='30000 ms'}, socketSettings=SocketSettings{connectTimeoutMS=10000, readTimeoutMS=0, receiveBufferSize=0, sendBufferSize=0}, heartbeatSocketSettings=SocketSettings{connectTimeoutMS=10000, readTimeoutMS=10000, receiveBufferSize=0, sendBufferSize=0}, connectionPoolSettings=ConnectionPoolSettings{maxSize=100, minSize=0, maxWaitTimeMS=120000, maxConnectionLifeTimeMS=0, maxConnectionIdleTimeMS=0, maintenanceInitialDelayMS=0, maintenanceFrequencyMS=60000, connectionPoolListeners=[], maxConnecting=2}, serverSettings=ServerSettings{heartbeatFrequencyMS=10000, minHeartbeatFrequencyMS=500, serverListeners='[]', serverMonitorListeners='[]'}, sslSettings=SslSettings{enabled=false, invalidHostNameAllowed=false, context=null}, applicationName='null', compressorList=[], uuidRepresentation=JAVA_LEGACY, serverApi=null, autoEncryptionSettings=null, contextProvider=null}
2023-09-29T09:56:44.273+02:00  INFO 54525 --- [localhost:27014] org.mongodb.driver.cluster               : Monitor thread successfully connected to server with description ServerDescription{address=localhost:27014, type=STANDALONE, state=CONNECTED, ok=true, minWireVersion=0, maxWireVersion=13, maxDocumentSize=16777216, logicalSessionTimeoutMinutes=30, roundTripTimeNanos=8607375}
2023-09-29T09:56:44.498+02:00  INFO 54525 --- [    Test worker] o.s.s.web.DefaultSecurityFilterChain     : Will secure any request with [org.springframework.security.web.session.DisableEncodeUrlFilter@1b3a9ef4, org.springframework.security.web.context.request.async.WebAsyncManagerIntegrationFilter@7a1371, org.springframework.security.web.context.SecurityContextHolderFilter@c0c8f96, org.springframework.security.web.header.HeaderWriterFilter@3214bad, org.springframework.security.web.authentication.logout.LogoutFilter@27358a19, it.unisalento.pas.giudizio.security.JwtAuthenticationFilter@6c6928c, it.unisalento.pas.giudizio.security.JwtAuthenticationFilter@6c6928c, org.springframework.security.web.savedrequest.RequestCacheAwareFilter@3e52ed5d, org.springframework.security.web.servletapi.SecurityContextHolderAwareRequestFilter@6a96d639, org.springframework.security.web.authentication.AnonymousAuthenticationFilter@3c28181b, org.springframework.security.web.session.SessionManagementFilter@3ca17943, org.springframework.security.web.access.ExceptionTranslationFilter@27df5806, org.springframework.security.web.access.intercept.FilterSecurityInterceptor@70c491b8]
2023-09-29T09:56:44.683+02:00  INFO 54525 --- [    Test worker] i.u.p.g.u.UtenteRestControllersTest      : Started UtenteRestControllersTest in 0.928 seconds (process running for 1.32)
2023-09-29T09:56:45.065+02:00  INFO 54525 --- [    Test worker] o.s.mock.web.MockServletContext          : Initializing Spring TestDispatcherServlet ''
2023-09-29T09:56:45.065+02:00  INFO 54525 --- [    Test worker] o.s.t.web.servlet.TestDispatcherServlet  : Initializing Servlet ''
2023-09-29T09:56:45.065+02:00  INFO 54525 --- [    Test worker] o.s.t.web.servlet.TestDispatcherServlet  : Completed initialization in 0 ms
L'Id del nuovo utente è: 06
2023-09-29T09:56:45.235+02:00  INFO 54525 --- [    Test worker] o.s.mock.web.MockServletContext          : Initializing Spring TestDispatcherServlet ''
2023-09-29T09:56:45.235+02:00  INFO 54525 --- [    Test worker] o.s.t.web.servlet.TestDispatcherServlet  : Initializing Servlet ''
2023-09-29T09:56:45.235+02:00  INFO 54525 --- [    Test worker] o.s.t.web.servlet.TestDispatcherServlet  : Completed initialization in 0 ms
]]></system-out>
  <system-err><![CDATA[]]></system-err>
</testsuite>
